\BOOKMARK [1][-]{section.1}{Introduction}{}% 1
\BOOKMARK [1][-]{section.2}{Proposed framework}{}% 2
\BOOKMARK [2][-]{subsection.2.1}{Basic Recurrent Neural Network}{section.2}% 3
\BOOKMARK [2][-]{subsection.2.2}{Gated Recurrent Unit}{section.2}% 4
\BOOKMARK [2][-]{subsection.2.3}{Convolutional neural network}{section.2}% 5
\BOOKMARK [2][-]{subsection.2.4}{Generative adversarial network}{section.2}% 6
\BOOKMARK [2][-]{subsection.2.5}{Train test split}{section.2}% 7
\BOOKMARK [2][-]{subsection.2.6}{Investment Strategy}{section.2}% 8
\BOOKMARK [1][-]{section.3}{Data}{}% 9
\BOOKMARK [2][-]{subsection.3.1}{Stock Data}{section.3}% 10
\BOOKMARK [2][-]{subsection.3.2}{Text Data}{section.3}% 11
\BOOKMARK [2][-]{subsection.3.3}{Technical Analysis}{section.3}% 12
\BOOKMARK [3][-]{subsubsection.3.3.1}{Moving Averages}{subsection.3.3}% 13
\BOOKMARK [3][-]{subsubsection.3.3.2}{Bollinger Bands}{subsection.3.3}% 14
\BOOKMARK [3][-]{subsubsection.3.3.3}{Moving Average Convergence Divergence}{subsection.3.3}% 15
\BOOKMARK [2][-]{subsection.3.4}{Data Scaling}{section.3}% 16
\BOOKMARK [2][-]{subsection.3.5}{Sentiment Analysis}{section.3}% 17
\BOOKMARK [2][-]{subsection.3.6}{BERT \(Bi-Directional Encoder Representations from Transformers\)}{section.3}% 18
\BOOKMARK [2][-]{subsection.3.7}{Sentiment Data Transformation}{section.3}% 19
\BOOKMARK [2][-]{subsection.3.8}{Evaluation of the model}{section.3}% 20
\BOOKMARK [1][-]{section.4}{Results of framework}{}% 21
\BOOKMARK [2][-]{subsection.4.1}{GAN results}{section.4}% 22
\BOOKMARK [2][-]{subsection.4.2}{Investment strategy results}{section.4}% 23
\BOOKMARK [1][-]{section.5}{Conclusion}{}% 24
\BOOKMARK [1][-]{section.6}{Intentional self-criticism}{}% 25
\BOOKMARK [1][-]{section*.19}{References}{}% 26
